<?xml version="1.0" encoding="UTF-8"?>
<testng-results ignored="0" total="1" passed="1" failed="0" skipped="0">
  <reporter-output>
  </reporter-output>
  <suite started-at="2024-03-12T11:00:01 IST" name="Default suite" finished-at="2024-03-12T11:00:29 IST" duration-ms="28862">
    <groups>
    </groups>
    <test started-at="2024-03-12T11:00:01 IST" name="Default test" finished-at="2024-03-12T11:00:29 IST" duration-ms="28862">
      <class name="TestScripts.HomePage">
        <test-method is-config="true" signature="beforeTest()[pri:0, instance:TestScripts.HomePage@16d04d3d]" started-at="2024-03-12T11:00:01 IST" name="beforeTest" finished-at="2024-03-12T11:00:11 IST" duration-ms="10274" status="PASS">
          <reporter-output>
          </reporter-output>
        </test-method> <!-- beforeTest -->
        <test-method signature="BestDalsandOffers()[pri:0, instance:TestScripts.HomePage@16d04d3d]" started-at="2024-03-12T11:00:11 IST" name="BestDalsandOffers" finished-at="2024-03-12T11:00:28 IST" duration-ms="17567" status="PASS">
          <reporter-output>
          </reporter-output>
        </test-method> <!-- BestDalsandOffers -->
        <test-method is-config="true" signature="afterTest()[pri:0, instance:TestScripts.HomePage@16d04d3d]" started-at="2024-03-12T11:00:28 IST" name="afterTest" finished-at="2024-03-12T11:00:29 IST" duration-ms="935" status="PASS">
          <reporter-output>
          </reporter-output>
        </test-method> <!-- afterTest -->
      </class> <!-- TestScripts.HomePage -->
    </test> <!-- Default test -->
  </suite> <!-- Default suite -->
</testng-results>
